
> antigravity@0.1.0 start
> next start

  ▲ Next.js 14.2.35
  - Local:        http://localhost:3000

 ✓ Starting...
 ✓ Ready in 332ms
 ⚠ metadataBase property in metadata export is not set for resolving social open graph or twitter images, using "http://localhost:3000". See https://nextjs.org/docs/app/api-reference/functions/generate-metadata#metadatabase
Failed to fetch news from microCMS, falling back to local data. Error: fetch API response status: 404
    at /Users/yusuke/antigravity/.next/server/chunks/563.js:1:6980
    at /Users/yusuke/antigravity/.next/server/chunks/563.js:1:4626
    at Object.next (/Users/yusuke/antigravity/.next/server/chunks/563.js:1:4731)
    at s (/Users/yusuke/antigravity/.next/server/chunks/563.js:1:1974)
    at u (/Users/yusuke/antigravity/.next/server/chunks/563.js:1:2171)
    at process.processTicksAndRejections (node:internal/process/task_queues:95:5)
Failed to fetch news from microCMS, falling back to local data. Error: fetch API response status: 404
    at /Users/yusuke/antigravity/.next/server/chunks/563.js:1:6980
    at /Users/yusuke/antigravity/.next/server/chunks/563.js:1:4626
    at Object.next (/Users/yusuke/antigravity/.next/server/chunks/563.js:1:4731)
    at s (/Users/yusuke/antigravity/.next/server/chunks/563.js:1:1974)
    at u (/Users/yusuke/antigravity/.next/server/chunks/563.js:1:2171)
    at process.processTicksAndRejections (node:internal/process/task_queues:95:5)
Failed to fetch news from microCMS, falling back to local data. Error: fetch API response status: 404
    at /Users/yusuke/antigravity/.next/server/chunks/563.js:1:6980
    at /Users/yusuke/antigravity/.next/server/chunks/563.js:1:4626
    at Object.next (/Users/yusuke/antigravity/.next/server/chunks/563.js:1:4731)
    at s (/Users/yusuke/antigravity/.next/server/chunks/563.js:1:1974)
    at u (/Users/yusuke/antigravity/.next/server/chunks/563.js:1:2171)
    at process.processTicksAndRejections (node:internal/process/task_queues:95:5)
Failed to fetch news from microCMS, falling back to local data. Error: fetch API response status: 404
    at /Users/yusuke/antigravity/.next/server/chunks/563.js:1:6980
    at /Users/yusuke/antigravity/.next/server/chunks/563.js:1:4626
    at Object.next (/Users/yusuke/antigravity/.next/server/chunks/563.js:1:4731)
    at s (/Users/yusuke/antigravity/.next/server/chunks/563.js:1:1974)
    at u (/Users/yusuke/antigravity/.next/server/chunks/563.js:1:2171)
    at process.processTicksAndRejections (node:internal/process/task_queues:95:5)
 ⚠ For production Image Optimization with Next.js, the optional 'sharp' package is strongly recommended. Run 'npm i sharp', and Next.js will use it automatically for Image Optimization.
Read more: https://nextjs.org/docs/messages/sharp-missing-in-production
Failed to fetch news from microCMS, falling back to local data. Error: fetch API response status: 404
    at /Users/yusuke/antigravity/.next/server/chunks/563.js:1:6980
    at /Users/yusuke/antigravity/.next/server/chunks/563.js:1:4626
    at Object.next (/Users/yusuke/antigravity/.next/server/chunks/563.js:1:4731)
    at s (/Users/yusuke/antigravity/.next/server/chunks/563.js:1:1974)
    at u (/Users/yusuke/antigravity/.next/server/chunks/563.js:1:2171)
    at process.processTicksAndRejections (node:internal/process/task_queues:95:5)
Failed to fetch news from microCMS, falling back to local data. Error: fetch API response status: 404
    at /Users/yusuke/antigravity/.next/server/chunks/563.js:1:6980
    at /Users/yusuke/antigravity/.next/server/chunks/563.js:1:4626
    at Object.next (/Users/yusuke/antigravity/.next/server/chunks/563.js:1:4731)
    at s (/Users/yusuke/antigravity/.next/server/chunks/563.js:1:1974)
    at u (/Users/yusuke/antigravity/.next/server/chunks/563.js:1:2171)
    at process.processTicksAndRejections (node:internal/process/task_queues:95:5)
Failed to fetch news from microCMS, falling back to local data. Error: fetch API response status: 404
    at /Users/yusuke/antigravity/.next/server/chunks/563.js:1:6980
    at /Users/yusuke/antigravity/.next/server/chunks/563.js:1:4626
    at Object.next (/Users/yusuke/antigravity/.next/server/chunks/563.js:1:4731)
    at s (/Users/yusuke/antigravity/.next/server/chunks/563.js:1:1974)
    at u (/Users/yusuke/antigravity/.next/server/chunks/563.js:1:2171)
    at process.processTicksAndRejections (node:internal/process/task_queues:95:5)
Failed to fetch news from microCMS, falling back to local data. Error: fetch API response status: 404
    at /Users/yusuke/antigravity/.next/server/chunks/563.js:1:6980
    at /Users/yusuke/antigravity/.next/server/chunks/563.js:1:4626
    at Object.next (/Users/yusuke/antigravity/.next/server/chunks/563.js:1:4731)
    at s (/Users/yusuke/antigravity/.next/server/chunks/563.js:1:1974)
    at u (/Users/yusuke/antigravity/.next/server/chunks/563.js:1:2171)
    at process.processTicksAndRejections (node:internal/process/task_queues:95:5)
Failed to fetch news from microCMS, falling back to local data. Error: fetch API response status: 404
    at /Users/yusuke/antigravity/.next/server/chunks/563.js:1:6980
    at /Users/yusuke/antigravity/.next/server/chunks/563.js:1:4626
    at Object.next (/Users/yusuke/antigravity/.next/server/chunks/563.js:1:4731)
    at s (/Users/yusuke/antigravity/.next/server/chunks/563.js:1:1974)
    at u (/Users/yusuke/antigravity/.next/server/chunks/563.js:1:2171)
    at process.processTicksAndRejections (node:internal/process/task_queues:95:5)
Failed to fetch news from microCMS, falling back to local data. Error: fetch API response status: 404
    at /Users/yusuke/antigravity/.next/server/chunks/563.js:1:6980
    at /Users/yusuke/antigravity/.next/server/chunks/563.js:1:4626
    at Object.next (/Users/yusuke/antigravity/.next/server/chunks/563.js:1:4731)
    at s (/Users/yusuke/antigravity/.next/server/chunks/563.js:1:1974)
    at u (/Users/yusuke/antigravity/.next/server/chunks/563.js:1:2171)
    at process.processTicksAndRejections (node:internal/process/task_queues:95:5)
Failed to fetch news from microCMS, falling back to local data. Error: fetch API response status: 404
    at /Users/yusuke/antigravity/.next/server/chunks/563.js:1:6980
    at /Users/yusuke/antigravity/.next/server/chunks/563.js:1:4626
    at Object.next (/Users/yusuke/antigravity/.next/server/chunks/563.js:1:4731)
    at s (/Users/yusuke/antigravity/.next/server/chunks/563.js:1:1974)
    at u (/Users/yusuke/antigravity/.next/server/chunks/563.js:1:2171)
    at process.processTicksAndRejections (node:internal/process/task_queues:95:5)
Failed to fetch news from microCMS, falling back to local data. Error: fetch API response status: 404
    at /Users/yusuke/antigravity/.next/server/chunks/563.js:1:6980
    at /Users/yusuke/antigravity/.next/server/chunks/563.js:1:4626
    at Object.next (/Users/yusuke/antigravity/.next/server/chunks/563.js:1:4731)
    at s (/Users/yusuke/antigravity/.next/server/chunks/563.js:1:1974)
    at u (/Users/yusuke/antigravity/.next/server/chunks/563.js:1:2171)
    at process.processTicksAndRejections (node:internal/process/task_queues:95:5)
Failed to fetch news from microCMS, falling back to local data. Error: fetch API response status: 404
    at /Users/yusuke/antigravity/.next/server/chunks/563.js:1:6980
    at /Users/yusuke/antigravity/.next/server/chunks/563.js:1:4626
    at Object.next (/Users/yusuke/antigravity/.next/server/chunks/563.js:1:4731)
    at s (/Users/yusuke/antigravity/.next/server/chunks/563.js:1:1974)
    at u (/Users/yusuke/antigravity/.next/server/chunks/563.js:1:2171)
    at process.processTicksAndRejections (node:internal/process/task_queues:95:5)
Failed to fetch news from microCMS, falling back to local data. Error: fetch API response status: 404
    at /Users/yusuke/antigravity/.next/server/chunks/563.js:1:6980
    at /Users/yusuke/antigravity/.next/server/chunks/563.js:1:4626
    at Object.next (/Users/yusuke/antigravity/.next/server/chunks/563.js:1:4731)
    at s (/Users/yusuke/antigravity/.next/server/chunks/563.js:1:1974)
    at u (/Users/yusuke/antigravity/.next/server/chunks/563.js:1:2171)
    at process.processTicksAndRejections (node:internal/process/task_queues:95:5)
Failed to fetch news from microCMS, falling back to local data. Error: fetch API response status: 404
    at /Users/yusuke/antigravity/.next/server/chunks/563.js:1:6980
    at /Users/yusuke/antigravity/.next/server/chunks/563.js:1:4626
    at Object.next (/Users/yusuke/antigravity/.next/server/chunks/563.js:1:4731)
    at s (/Users/yusuke/antigravity/.next/server/chunks/563.js:1:1974)
    at u (/Users/yusuke/antigravity/.next/server/chunks/563.js:1:2171)
    at process.processTicksAndRejections (node:internal/process/task_queues:95:5)
Failed to fetch news from microCMS, falling back to local data. Error: fetch API response status: 404
    at /Users/yusuke/antigravity/.next/server/chunks/563.js:1:6980
    at /Users/yusuke/antigravity/.next/server/chunks/563.js:1:4626
    at Object.next (/Users/yusuke/antigravity/.next/server/chunks/563.js:1:4731)
    at s (/Users/yusuke/antigravity/.next/server/chunks/563.js:1:1974)
    at u (/Users/yusuke/antigravity/.next/server/chunks/563.js:1:2171)
    at process.processTicksAndRejections (node:internal/process/task_queues:95:5)
