
> antigravity@0.1.0 dev
> next dev

  ▲ Next.js 14.2.35
  - Local:        http://localhost:3000
  - Environments: .env.local

 ✓ Starting...
 ✓ Ready in 1151ms
 ✓ Compiled /middleware in 225ms (93 modules)
 ○ Compiling /[lang] ...
 ✓ Compiled /[lang] in 3.3s (1550 modules)
 ✓ Compiled in 208ms (735 modules)
Failed to fetch news from microCMS, falling back to local data. Error: fetch API response status: 404
    at eval (webpack-internal:///(rsc)/./node_modules/microcms-js-sdk/dist/esm/microcms-js-sdk.js:8:5811)
    at s (webpack-internal:///(rsc)/./node_modules/microcms-js-sdk/dist/esm/microcms-js-sdk.js:8:3773)
    at Object.eval [as next] (webpack-internal:///(rsc)/./node_modules/microcms-js-sdk/dist/esm/microcms-js-sdk.js:8:3064)
    at n (webpack-internal:///(rsc)/./node_modules/microcms-js-sdk/dist/esm/microcms-js-sdk.js:8:234)
    at a (webpack-internal:///(rsc)/./node_modules/microcms-js-sdk/dist/esm/microcms-js-sdk.js:8:445)
    at process.processTicksAndRejections (node:internal/process/task_queues:95:5)
 GET /ja 200 in 4093ms
 ○ Compiling /favicon.ico ...
 ✓ Compiled /favicon.ico in 2.8s (820 modules)
 GET /favicon.ico 200 in 2919ms
Failed to fetch news from microCMS, falling back to local data. Error: fetch API response status: 404
    at eval (webpack-internal:///(rsc)/./node_modules/microcms-js-sdk/dist/esm/microcms-js-sdk.js:8:5811)
    at s (webpack-internal:///(rsc)/./node_modules/microcms-js-sdk/dist/esm/microcms-js-sdk.js:8:3773)
    at Object.eval [as next] (webpack-internal:///(rsc)/./node_modules/microcms-js-sdk/dist/esm/microcms-js-sdk.js:8:3064)
    at n (webpack-internal:///(rsc)/./node_modules/microcms-js-sdk/dist/esm/microcms-js-sdk.js:8:234)
    at a (webpack-internal:///(rsc)/./node_modules/microcms-js-sdk/dist/esm/microcms-js-sdk.js:8:445)
    at process.processTicksAndRejections (node:internal/process/task_queues:95:5)
 GET /ja 200 in 1487ms
 GET /favicon.ico 200 in 23ms
