Retrieving project…
Deploying yusuke-tannos-projects/antigravity
Uploading [--------------------] (0.0B/3.7MB)
Uploading [=====---------------] (975.1KB/3.7MB)
Uploading [==========----------] (1.9MB/3.7MB)
Uploading [===============-----] (2.8MB/3.7MB)
Uploading [====================] (3.7MB/3.7MB)
Inspect: https://vercel.com/yusuke-tannos-projects/antigravity/BywQe5fxj9e9JwRYaJxb3dTwtMsn [5s]
Production: https://antigravity-oprb7mu5w-yusuke-tannos-projects.vercel.app [5s]
https://antigravity-oprb7mu5w-yusuke-tannos-projects.vercel.appBuilding...
Building...
Building: Running build in Portland, USA (West) – pdx1
Building: Build machine configuration: 2 cores, 8 GB
Building: Retrieving list of deployment files...
Building: Downloading 233 deployment files...
Building: Restored build cache from previous deployment (3Ru2zbnKVaXVu8yRTH1Y2RuMeWML)
Building: Running "vercel build"
Building: Vercel CLI 50.28.0
Building: Installing dependencies...
Building: added 3 packages in 1s
Building: 151 packages are looking for funding
Building: run `npm fund` for details
Building: Detected Next.js version: 14.2.35
Building: Running "npm run build"
Building: > antigravity@0.1.0 build
Building: > next build
Building: ▲ Next.js 14.2.35
Building: Creating an optimized production build ...
Building: ✓ Compiled successfully
Building: Skipping validation of types
Building: Skipping linting
Building: Collecting page data ...
Building: Error: MICROCMS_SERVICE_DOMAIN is required
Building: at 12542 (/vercel/path0/.next/server/chunks/729.js:1:5662)
Building: at t (/vercel/path0/.next/server/webpack-runtime.js:1:128)
Building: at 34465 (/vercel/path0/.next/server/app/[lang]/page.js:1:65004)
Building: at t (/vercel/path0/.next/server/webpack-runtime.js:1:128)
Building: at 22309 (/vercel/path0/.next/server/app/[lang]/page.js:1:726)
Building: at t (/vercel/path0/.next/server/webpack-runtime.js:1:128)
Building: at a (/vercel/path0/.next/server/app/[lang]/page.js:1:71690)
Building: at /vercel/path0/.next/server/app/[lang]/page.js:1:71749
Building: at t.X (/vercel/path0/.next/server/webpack-runtime.js:1:1206)
Building: at /vercel/path0/.next/server/app/[lang]/page.js:1:71703
Building: > Build error occurred
Building: Error: Failed to collect page data for /[lang]
Building: at /vercel/path0/node_modules/next/dist/build/utils.js:1269:15
Building: at process.processTicksAndRejections (node:internal/process/task_queues:103:5) {
Building: type: 'Error'
Building: }
Building: Error: Command "npm run build" exited with 1
Error: Command "npm run build" exited with 1
